90:9F:33:D7:24:6C, iptime_test, 3
00:26:66:7B:10:9C, WEPL_multi, 2
06:09:B4:75:2E:8B, ollehWiFi , 2
90:9F:33:7B:C3:D4, kumath, 2
90:9F:33:8F:F1:AE, overdam, 2
06:09:B4:75:65:7B, ollehWiFi , 2
90:9F:33:D6:F2:74, Mureung, 1
90:9F:33:7E:D8:50, haimbio, 2
64:E5:99:74:7A:4C, iptimea-aaa, 2
64:E5:99:FD:1E:F4, norma_rogueap, 2
90:9F:33:BE:3B:4C, Norma_2.4G_test, 2
32:CD:A7:30:9B:55, DIRECT-OHC470 Series, 1
08:5D:DD:24:8A:85, olleh_WiFi_8A81, 1
00:09:B4:75:E3:95, Broadcast, 55
00:09:B4:75:1C:2D, Broadcast, 52
04:8D:38:B6:D2:5D, Broadcast, 28
00:30:0D:D3:C8:50, ollehWiFi, 21
00:09:B4:75:1C:3D, Broadcast, 14
04:8D:38:B6:D2:5E, SO070VOIPD25C, 23
00:09:B4:75:2E:8D, Broadcast, 31
06:30:0D:D3:C8:51, ollehWiFi , 30
04:8D:38:64:5C:40, Broadcast, 2
90:9F:33:D3:B8:A2, Norma_b, 1
