90:9F:33:F5:B8:84, FF:FF:FF:FF:FF:FF, 8
90:9F:33:7B:C3:D4, FF:FF:FF:FF:FF:FF, 2
00:30:0D:D4:05:50, FF:FF:FF:FF:FF:FF, 3
06:30:0D:D4:05:51, FF:FF:FF:FF:FF:FF, 3
90:9F:33:D7:24:6C, FF:FF:FF:FF:FF:FF, 4
00:26:66:7B:10:9C, FF:FF:FF:FF:FF:FF, 2
38:2C:4A:A0:F8:F0, FF:FF:FF:FF:FF:FF, 2
08:5D:DD:24:8A:84, FF:FF:FF:FF:FF:FF, 1
00:C2:C6:06:50:A4, FF:FF:FF:FF:FF:FF, 1
06:09:B4:75:2E:8C, FF:FF:FF:FF:FF:FF, 2
64:E5:99:51:E4:7C, FF:FF:FF:FF:FF:FF, 2
00:09:B4:75:1C:2D, FF:FF:FF:FF:FF:FF, 12
04:8D:38:B6:D2:5E, FF:FF:FF:FF:FF:FF, 10
00:09:B4:75:2E:8D, FF:FF:FF:FF:FF:FF, 6
90:9F:33:D3:B8:A2, FF:FF:FF:FF:FF:FF, 19
00:30:0D:D4:3A:30, FF:FF:FF:FF:FF:FF, 8
68:5D:43:00:99:25, FF:FF:FF:FF:FF:FF, 4
90:9F:33:D3:B8:A2, 3C:A1:0D:06:81:76, 2
00:09:B4:75:E3:93, FF:FF:FF:FF:FF:FF, 6
00:27:1C:AD:1A:D9, FF:FF:FF:FF:FF:FF, 5
BC:96:80:99:CF:F0, FF:FF:FF:FF:FF:FF, 10
BC:96:80:99:CF:F1, FF:FF:FF:FF:FF:FF, 7
1C:A5:32:70:75:90, FF:FF:FF:FF:FF:FF, 10
1C:A5:32:70:75:91, FF:FF:FF:FF:FF:FF, 9
18:83:31:9D:06:9B, 90:9F:33:7E:D8:50, 1
0A:09:B4:75:E3:9C, FF:FF:FF:FF:FF:FF, 2
64:E5:99:FD:1E:F4, FF:FF:FF:FF:FF:FF, 10
12:23:AA:60:4E:ED, FF:FF:FF:FF:FF:FF, 5
00:40:5A:AE:E8:79, FF:FF:FF:FF:FF:FF, 6
64:E5:99:CB:3B:FA, B8:27:EB:1C:35:63, 10
04:8D:38:64:5C:40, FF:FF:FF:FF:FF:FF, 2
00:40:5A:AE:E8:79, 68:5D:43:00:99:25, 2
00:26:66:38:52:3C, FF:FF:FF:FF:FF:FF, 8
34:97:F6:90:D6:2D, FF:FF:FF:FF:FF:FF, 2
00:09:B4:75:E3:95, FF:FF:FF:FF:FF:FF, 2
54:E4:3A:EF:8D:23, 64:E5:99:CB:3B:FA, 2
64:E5:99:CB:3B:FA, 54:E4:3A:EF:8D:23, 1
64:E5:99:CB:3B:F8, 54:E4:3A:EF:8D:23, 1
04:8D:38:B6:D2:5D, FF:FF:FF:FF:FF:FF, 4
90:9F:33:D6:F2:76, FF:FF:FF:FF:FF:FF, 4
06:09:B4:75:1C:2C, FF:FF:FF:FF:FF:FF, 2
00:26:66:86:B9:54, FF:FF:FF:FF:FF:FF, 2
06:09:B4:75:1C:3B, FF:FF:FF:FF:FF:FF, 2
90:9F:33:D3:B8:A2, 20:55:31:8A:FE:5B, 4
00:40:5A:AE:E8:79, 20:55:31:8A:FE:5B, 2
00:40:5A:AE:E8:78, FF:FF:FF:FF:FF:FF, 12
20:55:31:8A:FE:5B, FF:FF:FF:FF:FF:FF, 2
00:30:0D:D3:C8:50, FF:FF:FF:FF:FF:FF, 2
06:30:0D:D3:C8:51, FF:FF:FF:FF:FF:FF, 4
06:30:0D:D4:3A:31, FF:FF:FF:FF:FF:FF, 6
00:09:B4:75:2E:8B, FF:FF:FF:FF:FF:FF, 2
06:09:B4:75:2E:8B, FF:FF:FF:FF:FF:FF, 7
06:09:B4:75:E3:93, FF:FF:FF:FF:FF:FF, 5
64:E5:99:51:E4:78, FF:FF:FF:FF:FF:FF, 7
0A:09:B4:75:2E:8C, FF:FF:FF:FF:FF:FF, 1
90:9F:33:7E:D8:50, 18:83:31:9D:06:9B, 2
64:E5:99:5B:4A:C0, FF:FF:FF:FF:FF:FF, 14
90:9F:33:D6:F2:74, FF:FF:FF:FF:FF:FF, 2
90:9F:33:5F:E2:24, FF:FF:FF:FF:FF:FF, 10
00:08:9F:6C:D3:BA, FF:FF:FF:FF:FF:FF, 1
32:CD:A7:3E:B0:43, FF:FF:FF:FF:FF:FF, 1
00:08:9B:E0:B6:4F, FF:FF:FF:FF:FF:FF, 2
64:E5:99:CB:3B:F8, 3C:A1:0D:1D:B4:C1, 2
90:9F:33:64:76:B8, FF:FF:FF:FF:FF:FF, 4
BC:96:80:99:CF:F1, 00:C2:C6:06:50:A4, 4
90:9F:33:8F:FC:CC, 00:03:2A:F3:87:B5, 2
90:9F:33:90:78:10, FF:FF:FF:FF:FF:FF, 3
90:9F:33:8F:F1:AE, FF:FF:FF:FF:FF:FF, 2
54:88:0E:4A:E5:EB, FF:FF:FF:FF:FF:FF, 2
64:E5:99:CB:3B:FA, 18:83:31:A0:2A:17, 2
18:83:31:A0:2A:17, 64:E5:99:CB:3B:FA, 1
64:E5:99:74:7A:48, FF:FF:FF:FF:FF:FF, 4
90:9F:33:8F:FC:CC, FF:FF:FF:FF:FF:FF, 1
C8:3A:35:07:FC:50, FF:FF:FF:FF:FF:FF, 2
00:09:B4:75:2E:8C, FF:FF:FF:FF:FF:FF, 1
08:5D:DD:16:D8:CA, FF:FF:FF:FF:FF:FF, 2
08:5D:DD:24:8A:85, AC:B5:7D:0A:11:07, 2
32:CD:A7:30:9B:55, FF:FF:FF:FF:FF:FF, 6
00:23:AA:60:4E:ED, FF:FF:FF:FF:FF:FF, 4
90:9F:33:63:1A:76, FF:FF:FF:FF:FF:FF, 2
6C:71:D9:F1:56:69, FF:FF:FF:FF:FF:FF, 2
90:9F:33:90:78:10, 84:2E:27:A3:34:7B, 2
00:08:9F:89:F1:AC, FF:FF:FF:FF:FF:FF, 6
00:08:9F:89:F1:AD, FF:FF:FF:FF:FF:FF, 4
CC:FA:00:FF:BC:84, FF:FF:FF:FF:FF:FF, 4
88:63:DF:BA:73:C7, 64:E5:99:CB:3B:FA, 2
64:E5:99:CB:3B:FA, CC:FA:00:FF:BC:84, 8
64:E5:99:CB:3B:FA, FF:FF:FF:FF:FF:FF, 4
90:9F:33:BE:3B:4C, FF:FF:FF:FF:FF:FF, 2
0A:09:B4:75:E3:94, FF:FF:FF:FF:FF:FF, 2
06:09:B4:75:65:7B, FF:FF:FF:FF:FF:FF, 4
90:9F:33:90:0A:0C, FF:FF:FF:FF:FF:FF, 2
00:09:B4:75:1C:3D, FF:FF:FF:FF:FF:FF, 4
A4:5E:60:93:68:81, 90:9F:33:7E:D8:50, 14
38:2C:4A:A0:F8:F0, 00:C2:C6:06:50:A4, 2
38:2C:4A:A0:F8:F1, 00:C2:C6:06:50:A4, 1
64:E5:99:6C:8D:D8, FF:FF:FF:FF:FF:FF, 2
90:9F:33:8F:F8:C0, FF:FF:FF:FF:FF:FF, 1
00:27:1C:AD:1A:D8, FF:FF:FF:FF:FF:FF, 1
00:27:1C:AD:1A:DA, FF:FF:FF:FF:FF:FF, 1
